<?xml version="1.0" encoding="UTF-8"?>
<!-- Generated by org.testng.reporters.JUnitXMLReporter -->
<testsuite ignored="0" hostname="DESKTOP-TECLDAM" failures="0" tests="3" name="Test-Runner-Edge" time="0.225" errors="0" timestamp="2021-08-24T17:21:26 IST">
  <testcase classname="com.vtiger.comcast.genericUtility.BaseClass" name="@BeforeClass configBC" time="0.091">
    <failure type="java.lang.IllegalStateException" message="The path to the driver executable must be set by the webdriver.edge.driver system property; for more information, see https://github.com/SeleniumHQ/selenium/wiki/MicrosoftWebDriver. The latest version can be downloaded from http://go.microsoft.com/fwlink/?LinkId=619687">
      <![CDATA[java.lang.IllegalStateException: The path to the driver executable must be set by the webdriver.edge.driver system property; for more information, see https://github.com/SeleniumHQ/selenium/wiki/MicrosoftWebDriver. The latest version can be downloaded from http://go.microsoft.com/fwlink/?LinkId=619687
at com.google.common.base.Preconditions.checkState(Preconditions.java:847)
at org.openqa.selenium.remote.service.DriverService.findExecutable(DriverService.java:134)
at org.openqa.selenium.edge.EdgeDriverService.access$000(EdgeDriverService.java:37)
at org.openqa.selenium.edge.EdgeDriverService$Builder.findDefaultExecutable(EdgeDriverService.java:90)
at org.openqa.selenium.remote.service.DriverService$Builder.build(DriverService.java:355)
at org.openqa.selenium.edge.EdgeDriverService.createDefaultService(EdgeDriverService.java:70)
at org.openqa.selenium.edge.EdgeDriver.<init>(EdgeDriver.java:96)
at com.vtiger.comcast.genericUtility.BaseClass.configBC(BaseClass.java:37)
at java.base/java.util.ArrayList.forEach(ArrayList.java:1507)
at java.base/java.util.concurrent.FutureTask.run(FutureTask.java:264)
at java.base/java.util.concurrent.ThreadPoolExecutor.runWorker(ThreadPoolExecutor.java:1128)
at java.base/java.util.concurrent.ThreadPoolExecutor$Worker.run(ThreadPoolExecutor.java:628)
at java.base/java.lang.Thread.run(Thread.java:830)
... Removed 16 stack frames]]>
    </failure>
  </testcase> <!-- @BeforeClass configBC -->
  <testcase classname="com.vtiger.comcast.genericUtility.BaseClass" name="@BeforeMethod configBM" time="-1.629805886134E9">
    <skipped/>
  </testcase> <!-- @BeforeMethod configBM -->
  <testcase classname="com.vtiger.comcast.genericUtility.BaseClass" name="@AfterMethod configAM" time="-1.629805886148E9">
    <skipped/>
  </testcase> <!-- @AfterMethod configAM -->
  <testcase classname="com.vtiger.comcast.genericUtility.BaseClass" name="@BeforeMethod configBM" time="-1.629805886152E9">
    <skipped/>
  </testcase> <!-- @BeforeMethod configBM -->
  <testcase classname="com.vtiger.comcast.genericUtility.BaseClass" name="@AfterMethod configAM" time="-1.629805886169E9">
    <skipped/>
  </testcase> <!-- @AfterMethod configAM -->
  <testcase classname="com.vtiger.comcast.genericUtility.BaseClass" name="@BeforeMethod configBM" time="-1.629805886174E9">
    <skipped/>
  </testcase> <!-- @BeforeMethod configBM -->
  <testcase classname="com.vtiger.comcast.genericUtility.BaseClass" name="@AfterMethod configAM" time="-1.629805886184E9">
    <skipped/>
  </testcase> <!-- @AfterMethod configAM -->
  <testcase classname="com.vtiger.comcast.genericUtility.BaseClass" name="@AfterClass configAC" time="-1.629805886188E9">
    <skipped/>
  </testcase> <!-- @AfterClass configAC -->
  <testcase classname="com.vtiger.comcast.producttest.Search_Product" name="createProductTest" time="0.0">
    <skipped/>
  </testcase> <!-- createProductTest -->
  <testcase classname="com.vtiger.comcast.producttest.Search_Product" name="searchProductByCommissionRateTest" time="0.0">
    <skipped/>
  </testcase> <!-- searchProductByCommissionRateTest -->
  <testcase classname="com.vtiger.comcast.producttest.Search_Product" name="searchProductByPartnameTest" time="0.0">
    <skipped/>
  </testcase> <!-- searchProductByPartnameTest -->
</testsuite> <!-- Test-Runner-Edge -->
