<?xml version="1.0" encoding="UTF-8"?>
<!-- Generated by org.testng.reporters.JUnitReportReporter -->
<testsuite hostname="DESKTOP-TECLDAM" failures="0" tests="1" name="vtigerpractice.Demo" time="0.078" errors="0" timestamp="2021-08-19T18:08:29 IST" skipped="0">
  <testcase classname="vtigerpractice.Demo" name="printstatement" time="0.078"/>
  <system-out/>
</testsuite> <!-- vtigerpractice.Demo -->
