<?xml version="1.0" encoding="UTF-8"?>
<!-- Generated by org.testng.reporters.JUnitReportReporter -->
<testsuite hostname="DESKTOP-TECLDAM" failures="0" tests="1" name="com.vtiger.comcast.producttest.Tc_09_Search_Product_byCommisionrateTest" time="20.969" errors="0" timestamp="2021-08-23T10:27:24 IST" skipped="0">
  <testcase classname="com.vtiger.comcast.producttest.Tc_09_Search_Product_byCommisionrateTest" name="searchProductByCommissionRateTest" time="20.969"/>
  <system-out/>
</testsuite> <!-- com.vtiger.comcast.producttest.Tc_09_Search_Product_byCommisionrateTest -->
