<?xml version="1.0" encoding="UTF-8"?>
<!-- Generated by org.testng.reporters.JUnitReportReporter -->
<testsuite hostname="DESKTOP-TECLDAM" failures="0" tests="2" name="sdet.SampleExtentReport" time="15.679" errors="0" timestamp="2021-08-25T13:05:56 IST" skipped="0">
  <testcase classname="sdet.SampleExtentReport" name="getOrgPageTitleTest" time="11.437"/>
  <system-out/>
  <testcase classname="sdet.SampleExtentReport" name="getHomePageTitleTest" time="4.242"/>
  <system-out/>
</testsuite> <!-- sdet.SampleExtentReport -->
